This is pdfTeX, Version 3.14159265-2.6-1.40.16 (MiKTeX 2.9) (preloaded format=pdflatex 2016.3.4)  3 AUG 2018 17:50
entering extended mode
**C:/Users/Fabio/Desktop/D-hAnalysisnote-master/D-hAnalysisnote-master/Sections
/3Analysis_Strategy/MCclosureModulation.tex

(C:/Users/Fabio/Desktop/D-hAnalysisnote-master/D-hAnalysisnote-master/Sections/
3Analysis_Strategy/MCclosureModulation.tex
LaTeX2e <2015/10/01> patch level 2
Babel <3.9n> and hyphenation patterns for 69 languages loaded.

! LaTeX Error: Missing \begin{document}.

See the LaTeX manual or LaTeX Companion for explanation.
Type  H <return>  for immediate help.
 ...                                              
                                                  
l.2 T
     o verify the consistency of the analysis chain and of the corrections a...

? 
! Emergency stop.
 ...                                              
                                                  
l.2 T
     o verify the consistency of the analysis chain and of the corrections a...

You're in trouble here.  Try typing  <return>  to proceed.
If that doesn't work, type  X <return>  to quit.

 
Here is how much of TeX's memory you used:
 8 strings out of 493634
 571 string characters out of 3141315
 52604 words of memory out of 3000000
 3491 multiletter control sequences out of 15000+200000
 3640 words of font info for 14 fonts, out of 3000000 for 9000
 1025 hyphenation exceptions out of 8191
 5i,0n,4p,332b,14s stack positions out of 5000i,500n,10000p,200000b,50000s
!  ==> Fatal error occurred, no output PDF file produced!
