This is pdfTeX, Version 3.14159265-2.6-1.40.16 (MiKTeX 2.9 64-bit) (preloaded format=pdflatex 2015.11.30)  22 MAY 2017 17:16
entering extended mode
**C:/Users/Fabio-Lenovo/Desktop/D-h-pPb-2016-analysis-note-master/D-h-pPb-2016-
analysis-note-master/Sections/5Results/Results.tex

(C:/Users/Fabio-Lenovo/Desktop/D-h-pPb-2016-analysis-note-master/D-h-pPb-2016-a
nalysis-note-master/Sections/5Results/Results.tex
LaTeX2e <2015/01/01> patch level 2
Babel <3.9m> and hyphenation patterns for 69 languages loaded.
! Undefined control sequence.
l.2 \subsection
               {Comparing the three D meson correlation distributions}
? 
! Emergency stop.
l.2 \subsection
               {Comparing the three D meson correlation distributions}
End of file on the terminal!

 
Here is how much of TeX's memory you used:
 7 strings out of 493673
 435 string characters out of 3143938
 52455 words of memory out of 3000000
 3454 multiletter control sequences out of 15000+200000
 3640 words of font info for 14 fonts, out of 3000000 for 9000
 1025 hyphenation exceptions out of 8191
 5i,0n,4p,197b,11s stack positions out of 5000i,500n,10000p,200000b,50000s
!  ==> Fatal error occurred, no output PDF file produced!
